<?xml version="1.0" encoding="UTF-8"?>
<!-- Generated by org.testng.reporters.JUnitXMLReporter -->
<testsuite hostname="RAVI-LP" ignored="0" name="Test" tests="4" failures="0" timestamp="2021-05-19T11:05:17 IST" time="0.05" errors="0">
  <testcase name="browserAutomation" time="0.007" classname="MavenFramework2.MavenProject1.SeleniumTest"/>
  <testcase name="reportTest" time="0.001" classname="MavenFramework2.MavenProject1.SeleniumTest"/>
  <testcase name="IOSApps" time="0.001" classname="MavenFramework2.MavenProject1.AppiumTest"/>
  <testcase name="nativeAndroid" time="0.001" classname="MavenFramework2.MavenProject1.AppiumTest"/>
</testsuite> <!-- Test -->
