<?xml version="1.0" encoding="UTF-8"?>
<!-- Generated by org.testng.reporters.JUnitXMLReporter -->
<testsuite hostname="RAVI-LP" ignored="0" name="Command line test" tests="5" failures="0" timestamp="2021-05-19T11:42:34 IST" time="0.04" errors="0">
  <testcase name="IOSApps" time="0.004" classname="MavenFramework2.MavenProject1.AppiumTest"/>
  <testcase name="nativeAndroid" time="0.0" classname="MavenFramework2.MavenProject1.AppiumTest"/>
  <testcase name="postJira" time="0.001" classname="MavenFramework2.MavenProject1.RESTApiTest"/>
  <testcase name="browserAutomation" time="0.0" classname="MavenFramework2.MavenProject1.SeleniumTest"/>
  <testcase name="reportTest" time="0.001" classname="MavenFramework2.MavenProject1.SeleniumTest"/>
</testsuite> <!-- Command line test -->
