<?xml version="1.0" encoding="UTF-8"?>
<!-- Generated by org.testng.reporters.JUnitXMLReporter -->
<testsuite hostname="RAVI-LP" ignored="0" name="Test" tests="5" failures="0" timestamp="2021-06-29T10:04:09 IST" time="0.046" errors="0">
  <testcase name="browserAutomation" time="0.003" classname="MavenFramework2.MavenProject1.SeleniumTest"/>
  <testcase name="reportTest" time="0.0" classname="MavenFramework2.MavenProject1.SeleniumTest"/>
  <testcase name="IOSApps" time="0.0" classname="MavenFramework2.MavenProject1.AppiumTest"/>
  <testcase name="nativeAndroid" time="0.0" classname="MavenFramework2.MavenProject1.AppiumTest"/>
  <testcase name="postJira" time="0.0" classname="MavenFramework2.MavenProject1.RESTApiTest"/>
</testsuite> <!-- Test -->
